生成启动时间为 2019/1/4 14:44:32。
     1>项目“E:\Visual Studio 2015 Enterprise\Visual Studio 2015 Community\Code\SoftWare\SixthDemo\SixthDemo.vcxproj”在节点 2 上(Build 个目标)。
     1>ClCompile:
         E:\Visual Studio 2015 Enterprise\Visual Studio 2015 Community\VC\bin\CL.exe /c /Zi /nologo /W3 /WX- /sdl /O2 /Oi /Oy- /GL /D WIN32 /D NDEBUG /D _CONSOLE /D _UNICODE /D UNICODE /Gm- /EHsc /MD /GS /Gy /fp:precise /Zc:wchar_t /Zc:forScope /Zc:inline /Fo"Release\\" /Fd"Release\vc140.pdb" /Gd /TP /analyze- /errorReport:prompt main.cpp
         main.cpp
     1>main.cpp(13): warning C4838: 从“double”转换到“float”需要收缩转换
     1>main.cpp(13): warning C4305: “初始化”: 从“double”到“float”截断
     1>main.cpp(13): warning C4244: “初始化”: 从“double”转换到“float”，可能丢失数据
     1>main.cpp(14): warning C4838: 从“double”转换到“float”需要收缩转换
     1>main.cpp(14): warning C4244: “初始化”: 从“double”转换到“float”，可能丢失数据
       Link:
         E:\Visual Studio 2015 Enterprise\Visual Studio 2015 Community\VC\bin\link.exe /ERRORREPORT:PROMPT /OUT:"E:\Visual Studio 2015 Enterprise\Visual Studio 2015 Community\Code\SoftWare\SixthDemo\Release\SixthDemo.exe" /INCREMENTAL:NO /NOLOGO kernel32.lib user32.lib gdi32.lib winspool.lib comdlg32.lib advapi32.lib shell32.lib ole32.lib oleaut32.lib uuid.lib odbc32.lib odbccp32.lib /MANIFEST /MANIFESTUAC:"level='asInvoker' uiAccess='false'" /manifest:embed /Debug /PDB:"E:\Visual Studio 2015 Enterprise\Visual Studio 2015 Community\Code\SoftWare\SixthDemo\Release\SixthDemo.pdb" /SUBSYSTEM:CONSOLE /OPT:REF /OPT:ICF /LTCG:incremental /TLBID:1 /DYNAMICBASE /NXCOMPAT /IMPLIB:"E:\Visual Studio 2015 Enterprise\Visual Studio 2015 Community\Code\SoftWare\SixthDemo\Release\SixthDemo.lib" /MACHINE:X86 /SAFESEH Release\main.obj
           正在创建库 E:\Visual Studio 2015 Enterprise\Visual Studio 2015 Community\Code\SoftWare\SixthDemo\Release\SixthDemo.lib 和对象 E:\Visual Studio 2015 Enterprise\Visual Studio 2015 Community\Code\SoftWare\SixthDemo\Release\SixthDemo.exp
         正在生成代码
         3 of 448 functions ( 0.7%) were compiled, the rest were copied from previous compilation.
           0 functions were new in current compilation
           0 functions had inline decision re-evaluated but remain unchanged
         已完成代码的生成
         SixthDemo.vcxproj -> E:\Visual Studio 2015 Enterprise\Visual Studio 2015 Community\Code\SoftWare\SixthDemo\Release\SixthDemo.exe
     1>已完成生成项目“E:\Visual Studio 2015 Enterprise\Visual Studio 2015 Community\Code\SoftWare\SixthDemo\SixthDemo.vcxproj”(Build 个目标)的操作。

已成功生成。

已用时间 00:00:02.52
